Query: L
Query: Lu
Partial matches: Luciano 
Partial matches: Luciano
Query: Luc
Query: Luci
Partial matches: Luciano
Query: Lucia
Partial matches: Luciano
Query: Lucian
Query: Luciano
Partial matches: Luciano
Exact match found: Luciano
Partial matches: Luciano
Query: P
Query: Pr
Query: Pri
Partial matches: Padilha, Pedro, Primo
Partial matches: Primo
Partial matches: Primo
Query: Prim
Query: Primo
Exact match found: Primo
Partial matches: Primo
Query: P
Partial matches: Padilha, Pedro, Primo
Query: L
Partial matches: Luciano
Query: L
Query: Li
Partial matches: Luciano
Query: Lin
Partial matches: 
Query: Lind
Query: Lindi
Partial matches: 
Partial matches: 
Query: Lindin
Partial matches: 
Query: Lindina
Partial matches: 
Query: Lindinal
Query: Lindinalv
Partial matches: 
Query: Lindinalvo
Partial matches: 
Partial matches: 
Partial matches: 
Query: L
Partial matches: Luciano
Query: H
Partial matches: Henrique
Query: L
Partial matches: Luciano
Query: P
Partial matches: Padilha, Pedro, Primo
Query: P
Partial matches: Padilha, Pedro, Primo
Query: C
Query: Cl
Partial matches: Cláudio, Clóvis
Partial matches: Cláudio, Clóvis
Query: Clo
Query: Clov
Query: Clovi
Partial matches: Clóvis
Partial matches: Clóvis
Query: Clovis
Partial matches: Clóvis
Exact match found: Clóvis
Query: P
Query: Pr
Partial matches: Padilha, Pedro, Primo
Query: Pri
Partial matches: Primo
Partial matches: Primo
Query: Prik
Query: Priko
Partial matches: 
Partial matches: 
Query: Primo
Exact match found: Primo
Query: Primo
Exact match found: Primo
Query: Pa
Query: P
Query: Pad
Query: Padi
Partial matches: Padilha
Partial matches: Padilha, Pedro, Primo
Partial matches: Padilha
Partial matches: Padilha
Query: Padil
Query: Padilh
Partial matches: Padilha
Partial matches: Padilha
Query: Padilha
Exact match found: Padilha
Query: A
Query: Ab
Partial matches: Ariel, Augusto
Query: Abu
Partial matches: 
Query: Abun
Partial matches: 
Query: Abuna
Partial matches: 
Query: Abunai
Partial matches: 
Partial matches: 
Query: Rodrigo
Partial matches: 
Query: A
Query: Ar
Partial matches: Abunai, Ariel, Augusto
Query: Ari
Partial matches: Ariel
Query: Arie
Partial matches: Ariel
Query: Ariel
Exact match found: Ariel
Partial matches: Ariel
Query: Arie
Query: Ari
Partial matches: Ariel
Query: Ar
Partial matches: Ariel
Query: A
Partial matches: Ariel
Partial matches: Abunai, Ariel, Augusto
Query: R
Query: Ro
Partial matches: Renato, Rodrigo, Romano, Rômulo
Query: Rod
Partial matches: Rodrigo, Romano, Rômulo
Query: Rodr
Partial matches: Rodrigo
Query: Rodri
Query: Rodrig
Partial matches: Rodrigo
Partial matches: Rodrigo
Query: Rodrigo
Partial matches: Rodrigo
Exact match found: Rodrigo
Query: P
Partial matches: Padilha, Pedro, Primo
Query: P
Partial matches: Padilha, Pedro, Primo
Query: Feli
Query: F
Partial matches: 
Partial matches: Fernando
Query: Fe
Query: Fel
Query: Felip
Query: Felipe
Partial matches: 
Partial matches: 
Partial matches: Fernando
Partial matches: 
Query: F
Query: Fe
Partial matches: Felipe, Fernando
Partial matches: Felipe, Fernando
Query: Fel
Query: Feli
Query: Felip
Query: Felipe
Exact match found: Felipe
Partial matches: Felipe
Partial matches: Felipe
Partial matches: Felipe
Query: Felip
Query: Fel
Query: Fe
Query: F
Query: Feli
Query: Felipe
Exact match found: Felipe
Partial matches: Felipe
Partial matches: Felipe
Partial matches: Felipe, Fernando
Partial matches: Felipe, Fernando
Partial matches: Felipe
Query: A
Query: An
Query: Ana
Partial matches: Abunai, Ariel, Augusto
Partial matches: 
Partial matches: 
Query: An
Query: A
Partial matches: 
Partial matches: Abunai, Ariel, Augusto
Query: A
Partial matches: Abunai, Ariel, Augusto
Query: A
Partial matches: Abunai, Ariel, Augusto
Query: A
Partial matches: Abunai, Ariel, Augusto
Query: P
Partial matches: Padilha, Pedro, Primo
Query: P
Partial matches: Padilha, Pedro, Primo
Query: P
Partial matches: Padilha, Pedro, Primo
Query: C
Partial matches: Cláudio, Clóvis
Query: C
Partial matches: Cláudio, Clóvis
Query: R
Partial matches: Renato, Rodrigo, Romano, Rômulo
Query: R
Partial matches: Renato, Rodrigo, Romano, Rômulo
Query: R
Partial matches: Renato, Rodrigo, Romano, Rômulo
Query: R
Partial matches: Renato, Rodrigo, Romano, Rômulo
Query: A
Partial matches: Abunai, Ariel, Augusto
Query: A
Partial matches: Abunai, Ariel, Augusto
Query: A
Partial matches: Abunai, Ariel, Augusto
Query: P
Partial matches: Padilha, Pedro, Primo
Query: P
Partial matches: Padilha, Pedro, Primo
Query: P
Partial matches: Padilha, Pedro, Primo
Query: H
Partial matches: Henrique
Query: R
Partial matches: Renato, Rodrigo, Romano, Rômulo
Query: R
Partial matches: Renato, Rodrigo, Romano, Rômulo
Query: R
Partial matches: Renato, Rodrigo, Romano, Rômulo
Query: R
Partial matches: Renato, Rodrigo, Romano, Rômulo
Query: a
Partial matches: Abunai, Ariel, Augusto
Query: a
Partial matches: Abunai, Ariel, Augusto
Query: a
Partial matches: Abunai, Ariel, Augusto
Query: p
Partial matches: Padilha, Pedro, Primo
Query: p
Partial matches: Padilha, Pedro, Primo
Query: p
Partial matches: Padilha, Pedro, Primo
Query: r
Partial matches: Renato, Rodrigo, Romano, Rômulo
Query: r
Partial matches: Renato, Rodrigo, Romano, Rômulo
Query: r
Partial matches: Renato, Rodrigo, Romano, Rômulo
Query: r
Partial matches: Renato, Rodrigo, Romano, Rômulo
Query: v
Partial matches: Vitor, Voltaire
Query: v
Partial matches: Vitor, Voltaire
Query: A
Partial matches: Abunai, Ariel, Augusto
Query: A
Partial matches: Abunai, Ariel, Augusto
Query: A
Partial matches: Abunai, Ariel, Augusto
Query: b
Partial matches: 
Query: P
Partial matches: Padilha, Pedro, Primo
Query: p
Partial matches: Padilha, Pedro, Primo
Query: p
Partial matches: Padilha, Pedro, Primo
Query: c
Partial matches: Cláudio, Clóvis
Query: c
Partial matches: Cláudio, Clóvis
Query: H
Partial matches: Henrique
Query: V
Partial matches: Vitor, Voltaire
Query: V
Partial matches: Vitor, Voltaire
Query: A
Partial matches: Abunai, Ariel, Augusto
Query: a
Partial matches: Abunai, Ariel, Augusto
Query: a
Partial matches: Abunai, Ariel, Augusto
Query: h
Partial matches: Henrique
Query: p
Partial matches: Padilha, Pedro, Primo
Query: p
Partial matches: Padilha, Pedro, Primo
Query: p
Partial matches: Padilha, Pedro, Primo
Query: r
Partial matches: Renato, Rodrigo, Romano, Rômulo
Query: r
Partial matches: Renato, Rodrigo, Romano, Rômulo
Query: r
Partial matches: Renato, Rodrigo, Romano, Rômulo
Query: r
Partial matches: Renato, Rodrigo, Romano, Rômulo
Query: p
Partial matches: Padilha, Pedro, Primo
Query: p
Partial matches: Padilha, Pedro, Primo
Query: p
Partial matches: Padilha, Pedro, Primo
Query: f
Partial matches: Felipe, Fernando
Query: f
Partial matches: Felipe, Fernando
Query: A
Partial matches: Abunai, Ariel, Augusto
Query: A
Partial matches: Abunai, Ariel, Augusto
Query: A
Partial matches: Abunai, Ariel, Augusto
Query: B
Partial matches: 
Query: P
Partial matches: Padilha, Pedro, Primo
Query: P
Partial matches: Padilha, Pedro, Primo
Query: P
Partial matches: Padilha, Pedro, Primo
Query: R
Partial matches: Renato, Rodrigo, Romano, Rômulo
Query: R
Partial matches: Renato, Rodrigo, Romano, Rômulo
Query: R
Partial matches: Renato, Rodrigo, Romano, Rômulo
Query: R
Partial matches: Renato, Rodrigo, Romano, Rômulo
Query: P
Partial matches: Padilha, Pedro, Primo
Query: p
Partial matches: Padilha, Pedro, Primo
Query: p
Partial matches: Padilha, Pedro, Primo
Query: a
Partial matches: Abunai, Ariel, Augusto
Query: a
Partial matches: Abunai, Ariel, Augusto
Query: a
Partial matches: Abunai, Ariel, Augusto
Query: F
Partial matches: Felipe, Fernando
Query: F
Partial matches: Felipe, Fernando
Query: A
Partial matches: Abunai, Ariel, Augusto
Query: a
Partial matches: Abunai, Ariel, Augusto
Query: a
Partial matches: Abunai, Ariel, Augusto
Query: a
Partial matches: Abunai, Ariel, Augusto
Query: a
Partial matches: Abunai, Ariel, Augusto
Query: a
Partial matches: Abunai, Ariel, Augusto
Query: a
Partial matches: Abunai, Ariel, Augusto
Query: a
Partial matches: Abunai, Ariel, Augusto
Query: p
Partial matches: Padilha, Pedro, Primo
Query: p
Partial matches: Padilha, Pedro, Primo
Query: p
Partial matches: Padilha, Pedro, Primo
Query: p
Partial matches: Padilha, Pedro, Primo
Query: h
Partial matches: Henrique
Query: r
Partial matches: Renato, Rodrigo, Romano, Rômulo
Query: r
Partial matches: Renato, Rodrigo, Romano, Rômulo
Query: r
Partial matches: Renato, Rodrigo, Romano, Rômulo
Query: f
Partial matches: Felipe, Fernando
Query: f
Partial matches: Felipe, Fernando
Query: a
Partial matches: Abunai, Ariel, Augusto
Query: a
Partial matches: Abunai, Ariel, Augusto
Query: a
Partial matches: Abunai, Ariel, Augusto
Query: h
Partial matches: Henrique
Query: r
Partial matches: Renato, Rodrigo, Romano, Rômulo
Query: r
Partial matches: Renato, Rodrigo, Romano, Rômulo
Query: r
Partial matches: Renato, Rodrigo, Romano, Rômulo
Query: r
Partial matches: Renato, Rodrigo, Romano, Rômulo
Query: c
Partial matches: Cláudio, Clóvis
Query: c
Partial matches: Cláudio, Clóvis
Query: p
Partial matches: Padilha, Pedro, Primo
Query: p
Partial matches: Padilha, Pedro, Primo
Query: p
Partial matches: Padilha, Pedro, Primo
Query: a
Partial matches: Abunai, Ariel, Augusto
Query: a
Partial matches: Abunai, Ariel, Augusto
Query: a
Partial matches: Abunai, Ariel, Augusto
Query: a
Partial matches: Abunai, Ariel, Augusto
Query: p
Partial matches: Padilha, Pedro, Primo
Query: p
Partial matches: Padilha, Pedro, Primo
Query: p
Partial matches: Padilha, Pedro, Primo
Query: h
Partial matches: Henrique
Query: f
Partial matches: Felipe, Fernando
Query: f
Partial matches: Felipe, Fernando
Query: r
Partial matches: Renato, Rodrigo, Romano, Rômulo
Query: r
Partial matches: Renato, Rodrigo, Romano, Rômulo
Query: c
Partial matches: Cláudio, Clóvis
Query: f
Query: fe
Partial matches: Felipe, Fernando
Partial matches: Felipe, Fernando
Query: A
Partial matches: Abunai, Ariel, Augusto
Query: A
Partial matches: Abunai, Ariel, Augusto
Query: A
Partial matches: Abunai, Ariel, Augusto
Query: P
Partial matches: Padilha, Pedro, Primo
Query: P
Partial matches: Padilha, Pedro, Primo
Query: P
Partial matches: Padilha, Pedro, Primo
Query: H
Partial matches: Henrique
Query: F
Partial matches: Felipe, Fernando
Query: F
Partial matches: Felipe, Fernando
Query: V
Partial matches: Vitor, Voltaire
Query: V
Partial matches: Vitor, Voltaire
Query: F
Query: Fe
Query: Fer
Partial matches: Felipe, Fernando
Partial matches: Felipe, Fernando
Partial matches: Fernando
Query: Fernando
Exact match found: Fernando
Query: Fernando
Exact match found: Fernando
Query: F
Query: Fe
Partial matches: Felipe, Fernando
Partial matches: Felipe, Fernando
Query: Fi
Partial matches: 
Query: F
Partial matches: Felipe, Fernando
Query: Fe
Query: Fel
Partial matches: Felipe, Fernando
Partial matches: Felipe
Query: F
Partial matches: Felipe, Fernando
Query: Feli
Partial matches: Felipe
Query: C
Partial matches: Cláudio, Clóvis
Query: Cl
Query: Clu
Partial matches: Cláudio, Clóvis
Partial matches: 
Query: C
Query: Cl
Partial matches: Cláudio, Clóvis
Partial matches: Cláudio, Clóvis
Query: Cla
Query: Clau
Query: Claus
Partial matches: Cláudio
Partial matches: Cláudio
Partial matches: 
Query: Claus
Partial matches: 
Query: Clau
Partial matches: Cláudio
Query: Clauu
Partial matches: 
Query: Clauu
Partial matches: 
Query: L
Query: Lu
Partial matches: Luciano
Query: Luc
Partial matches: Luciano
Query: Luci
Partial matches: Luciano
Query: Lucia
Partial matches: Luciano
Query: Lucian
Partial matches: Luciano
Query: Luciano
Partial matches: Luciano
Exact match found: Luciano
Query: G
Query: Gu
Query: Gus
Partial matches: 
Partial matches: 
Query: Gust
Partial matches: 
Partial matches: 
Query: Gusta
Query: Gustav
Partial matches: 
Partial matches: 
Query: Gustavo
Partial matches: 
Query: Gustavo l
Query: Gustavo li
Query: Gustavo lim
Partial matches: 
Partial matches: 
Query: Gustav
Query: Gustavo lima
Partial matches: 
Partial matches: 
Partial matches: 
Query: Gustavo
Partial matches: 
Query: Gustavo l
Query: Gustavo lim
Query: Gustavo li
Query: Gustavo lima
Query: Gustavo Lima
Partial matches: 
Partial matches: 
Partial matches: 
Partial matches: 
Partial matches: 
Query: Gustavo Lima
Exact match found: Gustavo Lima
Query: A
Partial matches: Abunai, Ariel, Augusto
Query: An
Query: And
Partial matches: 
Query: Andr
Partial matches: 
Partial matches: 
Query: A
Partial matches: Abunai, Ariel, Augusto
Query: An
Partial matches: 
Query: And
Query: Andr
Partial matches: 
Partial matches: 
Query: Andre
Partial matches: 
Query: André
Query: Andre
Partial matches: 
Partial matches: 
Query: André
Exact match found: André
Query: A
Partial matches: Abunai, André, Ariel, Augusto
Query: A
Partial matches: Abunai, André, Ariel, Augusto
Query: Al
Partial matches: 
Query: Alb
Partial matches: 
Query: Albe
Partial matches: 
Query: Alber
Query: Albert
Query: Albe
Query: Alberto
Partial matches: 
Partial matches: 
Partial matches: 
Partial matches: 
Query: Alber
Partial matches: 
Query: A
Query: Ar
Partial matches: Abunai, Alberto, André, Ariel, Augusto
Query: Ari
Query: Arie
Partial matches: Ariel
Query: Ariel
Partial matches: Ariel
Exact match found: Ariel
Partial matches: Ariel
Query: Ab
Query: A
Query: Abu
Partial matches: Abunai
Partial matches: Abunai, Alberto, André, Ariel, Augusto
Partial matches: Abunai
Query: Ab
Query: A
Partial matches: Abunai
Partial matches: Abunai, Alberto, André, Ariel, Augusto
Query: A
Partial matches: Abunai, Alberto, André, Ariel, Augusto
Query: A
Partial matches: Abunai, Alberto, André, Ariel, Augusto
Query: A
Partial matches: Abunai, Alberto, André, Ariel, Augusto
Query: A
Partial matches: Abunai, Alberto, André, Ariel, Augusto
Query: P
Partial matches: Padilha, Pedro, Primo
Query: P
Partial matches: Padilha, Pedro, Primo
Query: P
Partial matches: Padilha, Pedro, Primo
Query: H
Partial matches: Henrique
Query: F
Partial matches: Felipe, Fernando
Query: F
Partial matches: Felipe, Fernando
Query: X
Query: Xlo
Query: Xl
Query: Xlov
Query: Xlovi
Partial matches: 
Partial matches: 
Partial matches: 
Partial matches: 
Partial matches: 
Query: Clóvis
Exact match found: Clóvis
Query: P
Query: Pr
Query: Pri
Partial matches: Padilha, Pedro, Primo
Query: Prim
Partial matches: Primo
Partial matches: Primo
Query: Primo
Partial matches: Primo
Exact match found: Primo
Query: P
Query: Pa
Partial matches: Padilha, Pedro, Primo
Query: Pad
Partial matches: Padilha
Query: Padi
Partial matches: Padilha
Query: Padil
Partial matches: Padilha
Partial matches: Padilha
Query: Padilha
Exact match found: Padilha
Query: Padilha
Exact match found: Padilha
Query: Padil
Query: Pa
Query: Pad
Query: Padi
Query: Padilh
Query: P
Partial matches: Padilha
Partial matches: Padilha
Partial matches: Padilha
Partial matches: Padilha
Partial matches: Padilha
Partial matches: Padilha, Pedro, Primo
Query: V
Query: Vi
Partial matches: Vitor, Voltaire
Query: Vit
Partial matches: Vitor
Query: Vito
Query: Vitor
Partial matches: Vitor
Exact match found: Vitor
Partial matches: Vitor
Query: Vítor
Query: V
Exact match found: Vitor
Partial matches: Vitor, Voltaire
Query: C
Query: Cl
Query: Cla
Partial matches: Cláudio, Clóvis
Query: Clau
Partial matches: Cláudio, Clóvis
Query: Claud
Query: Claudi
Partial matches: Cláudio
Partial matches: Cláudio
Partial matches: Cláudio
Partial matches: Cláudio
Query: Claudii
Query: Claudiio
Partial matches: 
Partial matches: 
Query: Cl
Query: Cláudio
Exact match found: Cláudio
Partial matches: Cláudio, Clóvis
Query: H
Query: He
Partial matches: Henrique
Query: Hen
Partial matches: Henrique
Partial matches: Henrique
Query: Henrique
Exact match found: Henrique
Query: P
Query: Pe
Partial matches: Padilha, Pedro, Primo
Query: Ped
Partial matches: Pedro
Query: Pede
Query: Pedeo
Partial matches: Pedro
Partial matches: 
Partial matches: 
Query: Pedro
Exact match found: Pedro
Query: Ped
Partial matches: Pedro
Query: K
Query: Ko
Partial matches: 
Query: Kot
Partial matches: 
Query: Kota
Partial matches: 
Partial matches: 
Query: B
Query: Ba
Partial matches: 
Partial matches: 
Query: Ban
Query: Bank
Partial matches: 
Query: Banks
Partial matches: 
Partial matches: 
Query: V
Query: V
Query: Vit
Query: Vi
Query: Vito
Partial matches: Vitor, Voltaire
Partial matches: Vitor, Voltaire
Query: Vitor
Partial matches: Vitor
Partial matches: Vitor
Partial matches: Vitor
Exact match found: Vitor
Query: Vítor
Exact match found: Vitor
Query: V
Partial matches: Vitor, Voltaire
Query: B
Partial matches: Banks
Query: P
Partial matches: Padilha, Pedro, Primo
Query: V
Partial matches: Vitor, Voltaire
Query: C
Partial matches: Cláudio, Clóvis
Query: C
Query: Cl
Query: Clo
Query: Clov
Partial matches: Cláudio, Clóvis
Partial matches: Cláudio, Clóvis
Query: Clovi
Partial matches: Clóvis
Partial matches: Clóvis
Partial matches: Clóvis
Query: Clóvis
Exact match found: Clóvis
Query: Cl
Partial matches: Cláudio, Clóvis
Query: M
Query: Mo
Partial matches: 
Query: Mot
Partial matches: 
Query: Mott
Partial matches: 
Query: Motta
Partial matches: 
Partial matches: 
Query: M
Query: Mo
Partial matches: Motta
Query: Mon
Partial matches: Motta
Query: Mont
Partial matches: 
Query: Montr
Partial matches: 
Query: Monteiro
Partial matches: 
Partial matches: 
Query: Mont
Partial matches: 
Query: C
Query: Cl
Query: Clo
Query: Clov
Partial matches: Cláudio, Clóvis
Query: Clovi
Partial matches: Cláudio, Clóvis
Partial matches: Clóvis
Partial matches: Clóvis
Partial matches: Clóvis
Query: Clóvis
Exact match found: Clóvis
Query: Cl
Partial matches: Cláudio, Clóvis
Query: C
Query: Cl
Query: Cla
Query: Clau
Partial matches: Cláudio, Clóvis
Query: Claud
Partial matches: Cláudio, Clóvis
Partial matches: Cláudio
Query: Claudi
Partial matches: Cláudio
Partial matches: Cláudio
Partial matches: Cláudio
Query: Cláudio
Exact match found: Cláudio
Query: Cl
Partial matches: Cláudio, Clóvis
Query: d
Partial matches: 
Query: de
Partial matches: 
Query: del
Partial matches: 
Query: deli
Partial matches: 
Query: delip
Partial matches: 
Query: delipe
Partial matches: 
Query: delip
Partial matches: 
Query: delipe
Partial matches: 
Query: felipe
Exact match found: Felipe
Query: felipe
Exact match found: Felipe
Query: feipe
Partial matches: 
Query: fipe
Partial matches: 
Query: ipe
Partial matches: 
Query: V
Partial matches: Vitor, Voltaire
Query: Vi
Partial matches: Vitor
Query: V
Partial matches: Vitor, Voltaire
Query: P
Query: Pr
Partial matches: Padilha, Pedro, Primo
Query: Pri
Partial matches: Primo
Partial matches: Primo
Query: P
Query: Pa
Query: Pad
Partial matches: Padilha, Pedro, Primo
Query: Padi
Partial matches: Padilha
Partial matches: Padilha
Partial matches: Padilha
Query: C
Query: Cl
Query: Clo
Partial matches: Cláudio, Clóvis
Partial matches: Cláudio, Clóvis
Query: Clov
Partial matches: Clóvis
Query: Clovi
Partial matches: Clóvis
Partial matches: Clóvis
Query: Clovis
Exact match found: Clóvis
Query: C
Query: Cl
Query: Cla
Partial matches: Cláudio, Clóvis
Query: Clau
Partial matches: Cláudio, Clóvis
Partial matches: Cláudio
Query: Claud
Partial matches: Cláudio
Partial matches: Cláudio
Query: F
Query: Fe
Partial matches: Felipe, Fernando
Query: Fer
Partial matches: Felipe, Fernando
Query: Fern
Query: Ferna
Partial matches: Fernando
Query: Fernan
Partial matches: Fernando
Partial matches: Fernando
Partial matches: Fernando
Query: Fernando
Exact match found: Fernando
Query: P
Query: Pe
Partial matches: Padilha, Pedro, Primo
Query: Ped
Partial matches: Pedro
Query: Pedr
Query: Pedro
Partial matches: Pedro
Exact match found: Pedro
Partial matches: Pedro
Query: H
Query: He
Partial matches: Henrique
Query: Hen
Query: Henr
Partial matches: Henrique
Query: Henri
Partial matches: Henrique
Query: Henriq
Partial matches: Henrique
Query: Henriqu
Partial matches: Henrique
Query: Henrique
Partial matches: Henrique
Exact match found: Henrique
Partial matches: Henrique
Query: V
Query: Vo
Partial matches: Vitor, Voltaire
Query: Vol
Query: Volt
Partial matches: Voltaire
Partial matches: Voltaire
Query: Volts
Partial matches: Voltaire
Query: Voltsi
Query: Voltsir
Partial matches: 
Query: Voltsire
Partial matches: 
Partial matches: 
Partial matches: 
Query: A
Query: An
Query: And
Partial matches: Abunai, Alberto, André, Ariel, Augusto
Partial matches: André
Query: Andr
Partial matches: André
Query: Andre
Exact match found: André
Partial matches: André
Query: B
Query: Bna
Query: Bn
Partial matches: Banks
Partial matches: 
Partial matches: 
Query: Bnak
Query: Bnaks
Partial matches: 
Partial matches: 
Query: Bna
Query: Bn
Query: B
Partial matches: 
Partial matches: 
Query: Bnak
Partial matches: Banks
Query: Ba
Partial matches: 
Query: Ban
Partial matches: Banks
Query: Bank
Partial matches: Banks
Query: Banks
Partial matches: Banks
Exact match found: Banks
Query: he
Query: h
Query: hen
Partial matches: Henrique
Partial matches: Henrique
Partial matches: Henrique
Query: henrique
Exact match found: Henrique
Query: c
Query: cl
Partial matches: Cláudio, Clóvis
Partial matches: Cláudio, Clóvis
Query: clv
Query: clvi
Partial matches: 
Query: clvia
Partial matches: 
Partial matches: 
Query: clvi
Query: clv
Partial matches: 
Partial matches: 
Query: cl
Query: c
Partial matches: Cláudio, Clóvis
Partial matches: Cláudio, Clóvis
Query: p
Query: pa
Partial matches: Padilha, Pedro, Primo
Partial matches: Padilha
Query: paf
Query: pafi
Partial matches: 
Partial matches: 
Query: paf
Query: pa
Query: p
Partial matches: 
Partial matches: Padilha
Partial matches: Padilha, Pedro, Primo
Query: h
Query: he
Query: hen
Partial matches: Henrique
Partial matches: Henrique
Partial matches: Henrique
Query: henrique
Exact match found: Henrique
Query: henrique
Exact match found: Henrique
Query: henriqu
Partial matches: Henrique
Query: henriq
Query: henri
Query: henr
Query: hen
Partial matches: Henrique
Partial matches: Henrique
Query: he
Partial matches: Henrique
Query: h
Partial matches: Henrique
Partial matches: Henrique
Partial matches: Henrique
Query: f
Query: fe
Partial matches: Felipe, Fernando
Query: fer
Partial matches: Felipe, Fernando
Partial matches: Fernando
Query: fe
Query: f
Partial matches: Felipe, Fernando
Partial matches: Felipe, Fernando
Query: gu
Query: guatav
Query: gua
Query: guat
Query: gus
Query: guata
Query: g
Query: guatavo
Partial matches: Gustavo Lima
Partial matches: 
Partial matches: 
Partial matches: 
Partial matches: Gustavo Lima
Partial matches: 
Partial matches: Gustavo Lima
Partial matches: 
Query: gustavo
Query: gua
Query: guat
Query: guatav
Query: gu
Query: guata
Partial matches: Gustavo Lima
Partial matches: 
Partial matches: 
Partial matches: 
Partial matches: Gustavo Lima
Partial matches: 
Query: gustavo
Query: gustav
Query: gusta
Query: gust
Query: gus
Query: gu
Query: g
Partial matches: Gustavo Lima
Partial matches: Gustavo Lima
Partial matches: Gustavo Lima
Partial matches: Gustavo Lima
Partial matches: Gustavo Lima
Partial matches: Gustavo Lima
Partial matches: Gustavo Lima
Query: v
Query: vi
Partial matches: Vitor, Voltaire
Partial matches: Vitor
Query: v
Partial matches: Vitor, Voltaire
Query: Cloc
Query: C
Query: Clo
Query: Cloco
Query: Cl
Partial matches: Cláudio, Clóvis
Partial matches: 
Partial matches: 
Partial matches: Clóvis
Partial matches: Cláudio, Clóvis
Query: Clóvis
Exact match found: Clóvis
Query: Cl
Partial matches: Cláudio, Clóvis
Query: A
Query: Ar
Partial matches: Abunai, Alberto, André, Ariel, Augusto
Query: Art
Partial matches: Ariel
Partial matches: 
Query: Arthur
Partial matches: 
Query: L
Query: Lu
Partial matches: Luciano
Query: Luc
Partial matches: Luciano
Query: Luci
Partial matches: Luciano
Partial matches: Luciano
Query: Lucit
Partial matches: 
Query: F
Query: Fe
Partial matches: Felipe, Fernando
Query: Fer
Partial matches: Felipe, Fernando
Query: Fern
Query: Ferna
Partial matches: Fernando
Query: Fernan
Partial matches: Fernando
Partial matches: Fernando
Partial matches: Fernando
Query: Fernando
Exact match found: Fernando
Query: C
Query: Cl
Query: Cla
Partial matches: Cláudio, Clóvis
Query: Clau
Partial matches: Cláudio, Clóvis
Query: Claud
Partial matches: Cláudio
Query: Claudi
Partial matches: Cláudio
Partial matches: Cláudio
Partial matches: Cláudio
Query: Cláudio
Exact match found: Cláudio
Query: Cl
Partial matches: Cláudio, Clóvis
Query: P
Query: Pa
Partial matches: Padilha, Pedro, Primo
Query: Pad
Partial matches: Padilha
Query: Padu
Partial matches: Padilha
Query: Padul
Partial matches: 
Partial matches: 
Query: Padilha
Exact match found: Padilha
Query: Pad
Partial matches: Padilha
Query: V
Query: Vi
Partial matches: Vitor, Voltaire
Partial matches: Vitor
Query: Vit
Query: Vito
Query: Vitor
Exact match found: Vitor
Partial matches: Vitor
Partial matches: Vitor
Query: V
Query: Vítor
Exact match found: Vitor
Partial matches: Vitor, Voltaire
Query: H
Query: He
Partial matches: Henrique
Query: Hen
Partial matches: Henrique
Partial matches: Henrique
Query: Henrique
Exact match found: Henrique
Query: A
Partial matches: Abunai, Alberto, André, Ariel, Arthur, Augusto
Query: An
Partial matches: André
Query: And
Query: Andr
Partial matches: André
Query: Andre
Exact match found: André
Partial matches: André
Query: André
Exact match found: André
Query: Andr
Partial matches: André
Query: P
Partial matches: Padilha, Pedro, Primo
Query: Pr
Query: Pri
Partial matches: Primo
Query: Prim
Partial matches: Primo
Query: Primo
Partial matches: Primo
Exact match found: Primo
Query: Primo
Exact match found: Primo
Query: P
Partial matches: Padilha, Pedro, Primo
Query: Pe
Query: Ped
Partial matches: Pedro
Query: Pedr
Partial matches: Pedro
Query: Pedro
Partial matches: Pedro
Exact match found: Pedro
Query: Pedro
Exact match found: Pedro
Query: A
Partial matches: Abunai, Alberto, André, Ariel, Arthur, Augusto
Query: Ar
Query: Ari
Partial matches: Ariel, Arthur
Query: Arie
Query: Ariel
Partial matches: Ariel
Exact match found: Ariel
Partial matches: Ariel
Query: Ariel
Exact match found: Ariel
Query: R
Query: Ro
Partial matches: Renato, Rodrigo, Romano, Rômulo
Query: Rom
Partial matches: Rodrigo, Romano, Rômulo
Query: Roma
Query: Roman
Partial matches: Romano, Rômulo
Partial matches: Romano
Partial matches: Romano
Query: Romano
Exact match found: Romano
Query: Romano
Exact match found: Romano
Query: F
Query: Fe
Partial matches: Felipe, Fernando
Query: Fel
Partial matches: Felipe, Fernando
Query: Feli
Partial matches: Felipe
Partial matches: Felipe
Query: Felipe
Exact match found: Felipe
Query: V
Query: Vo
Partial matches: Vitor, Voltaire
Query: Vol
Partial matches: Voltaire
Partial matches: Voltaire
Query: Volt
Query: Volta
Partial matches: Voltaire
Partial matches: Voltaire
Query: Voltai
Partial matches: Voltaire
Query: Voltair
Partial matches: Voltaire
Query: Voltaire
Exact match found: Voltaire
Query: F
Query: Fr
Query: Fre
Partial matches: Felipe, Fernando
Partial matches: 
Query: Fred
Partial matches: 
Partial matches: 
Query: B
Query: Ba
Partial matches: Banks
Query: Ban
Partial matches: Banks
Partial matches: Banks
Query: Bank
Query: Banks
Partial matches: Banks
Exact match found: Banks
Query: D
Query: Da
Query: Dan
Partial matches: 
Partial matches: 
Query: Dani
Partial matches: 
Query: Danie
Partial matches: 
Partial matches: 
Query: Daniel
Partial matches: 
Query: M
Query: Mo
Partial matches: Monteiro, Motta
Partial matches: Monteiro, Motta
Query: Mor
Partial matches: 
Query: Mora
Query: Morae
Query: Moraes
Partial matches: 
Partial matches: 
Partial matches: 
Query: Moraes
Partial matches: 
Query: D
Query: Da
Partial matches: Daniel
Query: Dav
Partial matches: Daniel
Query: Davi
Partial matches: 
Query: David
Partial matches: 
Partial matches: 
Query: A
Partial matches: Abunai, Alberto, André, Ariel, Arthur, Augusto
Query: A
Partial matches: Abunai, Alberto, André, Ariel, Arthur, Augusto
Query: A
Partial matches: Abunai, Alberto, André, Ariel, Arthur, Augusto
Query: A
Partial matches: Abunai, Alberto, André, Ariel, Arthur, Augusto
Query: A
Partial matches: Abunai, Alberto, André, Ariel, Arthur, Augusto
Query: P
Partial matches: Padilha, Pedro, Primo
Query: P
Partial matches: Padilha, Pedro, Primo
Query: P
Partial matches: Padilha, Pedro, Primo
Query: F
Partial matches: Felipe, Fernando, Fred
Query: F
Partial matches: Felipe, Fernando, Fred
Query: F
Partial matches: Felipe, Fernando, Fred
Query: g
Query: gu
Partial matches: Gustavo Lima
Partial matches: Gustavo Lima
Query: Gustavo
Partial matches: Gustavo Lima
Query: Gustavo
Partial matches: Gustavo Lima
Query: m
Partial matches: Monteiro, Moraes, Motta
Query: mi
Partial matches: 
Query: mic
Partial matches: 
Query: mica
Partial matches: 
Query: Micael
Partial matches: 
Query: Micael
Partial matches: 
Query: j
Query: jo
Partial matches: 
Query: joa
Partial matches: 
Partial matches: 
Query: João
Partial matches: 
Query: João
Partial matches: 
Query: João j
Query: João jo
Partial matches: 
Query: G
Query: Gu
Partial matches: 
Partial matches: Gustavo, Gustavo Lima
Partial matches: Gustavo, Gustavo Lima
Query: João j
Query: João
Query: B
Partial matches: 
Query: Ba
Query: Ban
Query: G
Partial matches: 
Partial matches: Banks
Partial matches: Banks
Partial matches: Banks
Partial matches: Gustavo, Gustavo Lima
Query: j
Partial matches: João
Query: jo
Query: Ba
Query: B
Partial matches: João
Partial matches: Banks
Query: jos
Partial matches: Banks
Query: jose
Partial matches: 
Partial matches: 
Query: jose
Partial matches: 
Query: l
Partial matches: Luciano
Query: lu
Query: lui
Partial matches: Luciano
Partial matches: 
Query: luiz
Partial matches: 
Query: luiz
Partial matches: 
Query: B
Query: Be
Partial matches: Banks
Partial matches: 
Query: Beleza
Partial matches: 
Query: Beleza
Partial matches: 
Query: p
Query: pa
Partial matches: Padilha, Pedro, Primo
Partial matches: Padilha
Query: pab
Partial matches: 
Query: Pablo
Partial matches: 
Query: Pablo
Exact match found: Pablo
Query: m
Query: ma
Partial matches: Micael, Monteiro, Moraes, Motta
Query: man
Partial matches: 
Partial matches: 
Query: mano
Partial matches: 
Query: Manoel
Query: man
Partial matches: 
Partial matches: 
Query: Manoel
Exact match found: Manoel
Query: r
Query: ri
Partial matches: Renato, Rodrigo, Romano, Rômulo
Partial matches: 
Query: Ricardo
Partial matches: 
Query: Ricardo
Exact match found: Ricardo
Query: w
Query: we
Partial matches: 
Partial matches: 
Query: Wellington
Partial matches: 
Query: Wellington
Exact match found: Wellington
Query: S
Query: Sa
Partial matches: 
Partial matches: 
Query: San
Partial matches: 
Query: Sand
Query: Sande
Partial matches: 
Partial matches: 
Query: Sander
Partial matches: 
Query: Sander
Exact match found: Sander
Query: M
Query: Mo
Partial matches: Manoel, Micael, Monteiro, Moraes, Motta
Partial matches: Monteiro, Moraes, Motta
Query: Moz
Partial matches: 
Query: Mozart
Partial matches: 
Query: Mozart
Exact match found: Mozart
Query: T
Partial matches: 
Query: Ta
Partial matches: 
Query: Tar
Partial matches: 
Query: Ta
Partial matches: 
Query: Tarc
Partial matches: 
Query: Tarcizio
Partial matches: 
Query: Tarcizio
Exact match found: Tarcizio
Query: A
Query: Ar
Query: Ari
Query: Arie
Partial matches: Abunai, Alberto, André, Ariel, Arthur, Augusto
Partial matches: Ariel, Arthur
Query: Ariel
Partial matches: Ariel
Partial matches: Ariel
Exact match found: Ariel
Query: V
Query: Vi
Partial matches: Vitor, Voltaire
Partial matches: Vitor
Query: Vit
Partial matches: Vitor
Query: Vi
Partial matches: Vitor
Query: V
Partial matches: Vitor, Voltaire
Query: L
Query: Lf
Partial matches: Luciano, luiz
Query: Lfw
Partial matches: 
Query: Lfwl
Partial matches: 
Query: Lfwli
Partial matches: 
Query: Lfwlip
Query: Lfwlipe
Partial matches: 
Partial matches: 
Partial matches: 
Query: Lfwl
Query: Lfw
Query: Lf
Query: L
Partial matches: 
Query: Lfwli
Query: Lfwlip
Partial matches: 
Partial matches: 
Partial matches: Luciano, luiz
Partial matches: 
Partial matches: 
Query: F
Query: Fe
Partial matches: Felipe, Fernando, Fred
Query: Fel
Partial matches: Felipe, Fernando
Query: Feli
Partial matches: Felipe
Query: Felip
Query: Felipe
Partial matches: Felipe
Exact match found: Felipe
Partial matches: Felipe
Query: A
Partial matches: Abunai, Alberto, André, Ariel, Arthur, Augusto
Query: A
Partial matches: Abunai, Alberto, André, Ariel, Arthur, Augusto
Query: A
Partial matches: Abunai, Alberto, André, Ariel, Arthur, Augusto
Query: A
Partial matches: Abunai, Alberto, André, Ariel, Arthur, Augusto
Query: A
Partial matches: Abunai, Alberto, André, Ariel, Arthur, Augusto
Query: A
Partial matches: Abunai, Alberto, André, Ariel, Arthur, Augusto
Query: B
Partial matches: Banks, Beleza
Query: B
Partial matches: Banks, Beleza
Query: C
Partial matches: Cláudio, Clóvis
Query: C
Partial matches: Cláudio, Clóvis
Query: V
Partial matches: Vitor, Voltaire
Query: V
Partial matches: Vitor, Voltaire
Query: A
Partial matches: Abunai, Alberto, André, Ariel, Arthur, Augusto
Query: A
Partial matches: Abunai, Alberto, André, Ariel, Arthur, Augusto
Query: A
Partial matches: Abunai, Alberto, André, Ariel, Arthur, Augusto
Query: A
Partial matches: Abunai, Alberto, André, Ariel, Arthur, Augusto
Query: A
Partial matches: Abunai, Alberto, André, Ariel, Arthur, Augusto
Query: A
Partial matches: Abunai, Alberto, André, Ariel, Arthur, Augusto
Query: A
Partial matches: Abunai, Alberto, André, Ariel, Arthur, Augusto
Query: B
Partial matches: Banks, Beleza
Query: A
Partial matches: Abunai, Alberto, André, Ariel, Arthur, Augusto
Query: A
Partial matches: Abunai, Alberto, André, Ariel, Arthur, Augusto
Query: A
Partial matches: Abunai, Alberto, André, Ariel, Arthur, Augusto
Query: A
Partial matches: Abunai, Alberto, André, Ariel, Arthur, Augusto
Query: A
Partial matches: Abunai, Alberto, André, Ariel, Arthur, Augusto
Query: A
Partial matches: Abunai, Alberto, André, Ariel, Arthur, Augusto
Query: B
Partial matches: Banks, Beleza
Query: B
Partial matches: Banks, Beleza
Query: F
Partial matches: Felipe, Fernando, Fred
Query: F
Partial matches: Felipe, Fernando, Fred
Query: F
Partial matches: Felipe, Fernando, Fred
Query: H
Partial matches: Henrique
Query: A
Partial matches: Abunai, Alberto, André, Ariel, Arthur, Augusto
Query: A
Partial matches: Abunai, Alberto, André, Ariel, Arthur, Augusto
Query: A
Partial matches: Abunai, Alberto, André, Ariel, Arthur, Augusto
Query: A
Partial matches: Abunai, Alberto, André, Ariel, Arthur, Augusto
Query: H
Partial matches: Henrique
Query: A
Partial matches: Abunai, Alberto, André, Ariel, Arthur, Augusto
Query: A
Partial matches: Abunai, Alberto, André, Ariel, Arthur, Augusto
Query: A
Partial matches: Abunai, Alberto, André, Ariel, Arthur, Augusto
Query: A
Partial matches: Abunai, Alberto, André, Ariel, Arthur, Augusto
Query: A
Partial matches: Abunai, Alberto, André, Ariel, Arthur, Augusto
Query: A
Partial matches: Abunai, Alberto, André, Ariel, Arthur, Augusto
Query: H
Partial matches: Henrique
Query: A
Partial matches: Abunai, Alberto, André, Ariel, Arthur, Augusto
Query: A
Partial matches: Abunai, Alberto, André, Ariel, Arthur, Augusto
Query: A
Partial matches: Abunai, Alberto, André, Ariel, Arthur, Augusto
Query: A
Partial matches: Abunai, Alberto, André, Ariel, Arthur, Augusto
Query: A
Partial matches: Abunai, Alberto, André, Ariel, Arthur, Augusto
Query: A
Partial matches: Abunai, Alberto, André, Ariel, Arthur, Augusto
Query: A
Partial matches: Abunai, Alberto, André, Ariel, Arthur, Augusto
Query: A
Partial matches: Abunai, Alberto, André, Ariel, Arthur, Augusto
Query: V
Partial matches: Vitor, Voltaire
Query: A
Partial matches: Abunai, Alberto, André, Ariel, Arthur, Augusto
Query: A
Partial matches: Abunai, Alberto, André, Ariel, Arthur, Augusto
Query: A
Partial matches: Abunai, Alberto, André, Ariel, Arthur, Augusto
Query: A
Partial matches: Abunai, Alberto, André, Ariel, Arthur, Augusto
Query: H
Partial matches: Henrique
Query: B
Partial matches: Banks, Beleza
Query: V
Partial matches: Vitor, Voltaire
Query: V
Partial matches: Vitor, Voltaire
Query: A
Partial matches: Abunai, Alberto, André, Ariel, Arthur, Augusto
Add request for name: 
Query: A
Partial matches: Abunai, Alberto, André, Ariel, Arthur, Augusto
Add request for name: 
Query: B
Partial matches: Banks, Beleza
Add request for name: 
Query: A
Partial matches: Abunai, Alberto, André, Ariel, Arthur, Augusto
Query: A
Partial matches: Abunai, Alberto, André, Ariel, Arthur, Augusto
Query: A
Partial matches: Abunai, Alberto, André, Ariel, Arthur, Augusto
Query: A
Exact match found: A
Query: B
Partial matches: Banks, Beleza
Query: A
Partial matches: Abunai, Alberto, André, Ariel, Arthur, Augusto
Query: A
Exact match found: A
Query: Al
Partial matches: Alberto
Query: Alb
Partial matches: Alberto
Query: Albe
Partial matches: Alberto
Query: Alber
Partial matches: Alberto
Query: Albert
Partial matches: Alberto
Query: Alberto
Exact match found: Alberto
Query: A
Exact match found: A
Query: A
Exact match found: A
Query: B
Partial matches: Banks, Beleza
Query: A
Exact match found: A
Query: A
Partial matches: Abunai, Alberto, André, Ariel, Arthur, Augusto
Query: A
Partial matches: Abunai, Alberto, André, Ariel, Arthur, Augusto
Query: A
Partial matches: Abunai, Alberto, André, Ariel, Arthur, Augusto
Query: a
Partial matches: Abunai, Alberto, André, Ariel, Arthur, Augusto
Query: al
Partial matches: Alberto
Query: alb
Partial matches: Alberto
Query: albe
Partial matches: Alberto
Query: alber
Partial matches: Alberto
Query: A
Partial matches: Abunai, Alberto, André, Ariel, Arthur, Augusto
Query: Ab
Partial matches: Abunai
Query: Abu
Partial matches: Abunai
Query: A
Partial matches: Abunai, Alberto, André, Ariel, Arthur, Augusto
Query: B
Partial matches: Banks, Beleza
Query: b
Partial matches: Banks, Beleza
Query: ba
Partial matches: Banks
Query: ban
Partial matches: Banks
Query: bank
Partial matches: Banks
Query: banks
Partial matches: Banks
Query: P
Partial matches: Pablo, Padilha, Pedro, Primo
Query: P
Partial matches: Pablo, Padilha, Pedro, Primo
Query: P
Partial matches: Pablo, Padilha, Pedro, Primo
Query: P
Partial matches: Pablo, Padilha, Pedro, Primo
Query: P
Partial matches: Pablo, Padilha, Pedro, Primo
Query: C
Partial matches: Cláudio, Clóvis
Query: C
Partial matches: Cláudio, Clóvis
Query: T
Partial matches: Tarcizio
Query: V
Partial matches: Vitor, Voltaire
Query: V
Partial matches: Vitor, Voltaire
Query: a
Partial matches: Abunai, Alberto, André, Ariel, Arthur, Augusto
Query: A
Partial matches: Abunai, Alberto, André, Ariel, Arthur, Augusto
Query: A
Partial matches: Abunai, Alberto, André, Ariel, Arthur, Augusto
Query: Al
Partial matches: Alberto
Query: B
Partial matches: Banks, Beleza
Query: A
Partial matches: Abunai, Alberto, André, Ariel, Arthur, Augusto
Query: A
Partial matches: Abunai, Alberto, André, Ariel, Arthur, Augusto
Query: A
Partial matches: Abunai, Alberto, André, Ariel, Arthur, Augusto
Query: B
Partial matches: Banks, Beleza
Query: B
Partial matches: Banks, Beleza
Query: C
Partial matches: Cláudio, Clóvis
Query: C
Partial matches: Cláudio, Clóvis
Query: V
Partial matches: Vitor, Voltaire
Query: V
Partial matches: Vitor, Voltaire
Query: A
Partial matches: Abunai, Alberto, André, Ariel, Arthur, Augusto
Query: A
Partial matches: Abunai, Alberto, André, Ariel, Arthur, Augusto
Query: a
Partial matches: Abunai, Alberto, André, Ariel, Arthur, Augusto
Query: A
Partial matches: Abunai, Alberto, André, Ariel, Arthur, Augusto
Query: A
Partial matches: Abunai, Alberto, André, Ariel, Arthur, Augusto
Query: A
Partial matches: Abunai, Alberto, André, Ariel, Arthur, Augusto
Query: A
Partial matches: Abunai, Alberto, André, Ariel, Arthur, Augusto
Query: A
Partial matches: Abunai, Alberto, André, Ariel, Arthur, Augusto
Query: A
Partial matches: Abunai, Alberto, André, Ariel, Arthur, Augusto
Query: V
Partial matches: Vitor, Voltaire
Query: V
Partial matches: Vitor, Voltaire
Query: C
Partial matches: Cláudio, Clóvis
Query: C
Partial matches: Cláudio, Clóvis
Query: C
Partial matches: Cláudio, Clóvis
Query: P
Partial matches: Pablo, Padilha, Pedro, Primo
Query: P
Partial matches: Pablo, Padilha, Pedro, Primo
Query: P
Partial matches: Pablo, Padilha, Pedro, Primo
Query: P
Partial matches: Pablo, Padilha, Pedro, Primo
Query: H
Partial matches: Henrique
Query: A
Partial matches: Abunai, Alberto, André, Ariel, Arthur, Augusto
Query: A
Partial matches: Abunai, Alberto, André, Ariel, Arthur, Augusto
Query: A
Partial matches: Abunai, Alberto, André, Ariel, Arthur, Augusto
Query: A
Partial matches: Abunai, Alberto, André, Ariel, Arthur, Augusto
Query: A
Partial matches: Abunai, Alberto, André, Ariel, Arthur, Augusto
Query: A
Partial matches: Abunai, Alberto, André, Ariel, Arthur, Augusto
Query: A
Partial matches: Abunai, Alberto, André, Ariel, Arthur, Augusto
Query: A
Partial matches: Abunai, Alberto, André, Ariel, Arthur, Augusto
Query: C
Partial matches: Cláudio, Clóvis
Query: C
Partial matches: Cláudio, Clóvis
Query: P
Partial matches: Pablo, Padilha, Pedro, Primo
Query: Pr
Query: Pri
Partial matches: Primo
Partial matches: Primo
Query: Pr
Partial matches: Primo
Query: P
Partial matches: Pablo, Padilha, Pedro, Primo
Query: P
Partial matches: Pablo, Padilha, Pedro, Primo
Query: A
Partial matches: Abunai, Alberto, André, Ariel, Arthur, Augusto
Query: A
Partial matches: Abunai, Alberto, André, Ariel, Arthur, Augusto
Query: A
Partial matches: Abunai, Alberto, André, Ariel, Arthur, Augusto
Query: A
Partial matches: Abunai, Alberto, André, Ariel, Arthur, Augusto
Query: A
Partial matches: Abunai, Alberto, André, Ariel, Arthur, Augusto
Query: A
Partial matches: Abunai, Alberto, André, Ariel, Arthur, Augusto
Query: B
Partial matches: Banks, Beleza
Query: B
Partial matches: Banks, Beleza
Query: C
Partial matches: Cláudio, Clóvis
Query: C
Partial matches: Cláudio, Clóvis
Query: P
Partial matches: Pablo, Padilha, Pedro, Primo
Query: A
Partial matches: Abunai, Alberto, André, Ariel, Arthur, Augusto
Query: A
Partial matches: Abunai, Alberto, André, Ariel, Arthur, Augusto
Query: A
Partial matches: Abunai, Alberto, André, Ariel, Arthur, Augusto
Query: A
Partial matches: Abunai, Alberto, André, Ariel, Arthur, Augusto
Query: A
Partial matches: Abunai, Alberto, André, Ariel, Arthur, Augusto
Query: A
Partial matches: Abunai, Alberto, André, Ariel, Arthur, Augusto
Query: A
Partial matches: Abunai, Alberto, André, Ariel, Arthur, Augusto
Query: A
Partial matches: Abunai, Alberto, André, Ariel, Arthur, Augusto
Query: C
Partial matches: Cláudio, Clóvis
Query: C
Partial matches: Cláudio, Clóvis
Query: B
Partial matches: Banks, Beleza
Query: H
Partial matches: Henrique
Query: F
Partial matches: Felipe, Fernando, Fred
Query: F
Partial matches: Felipe, Fernando, Fred
Query: F
Partial matches: Felipe, Fernando, Fred
Query: P
Partial matches: Pablo, Padilha, Pedro, Primo
Query: A
Partial matches: Abunai, Alberto, André, Ariel, Arthur, Augusto
Query: A
Partial matches: Abunai, Alberto, André, Ariel, Arthur, Augusto
Query: A
Partial matches: Abunai, Alberto, André, Ariel, Arthur, Augusto
Query: A
Partial matches: Abunai, Alberto, André, Ariel, Arthur, Augusto
Query: A
Partial matches: Abunai, Alberto, André, Ariel, Arthur, Augusto
Query: A
Partial matches: Abunai, Alberto, André, Ariel, Arthur, Augusto
Query: A
Partial matches: Abunai, Alberto, André, Ariel, Arthur, Augusto
Query: H
Partial matches: Henrique
Query: A
Partial matches: Abunai, Alberto, André, Ariel, Arthur, Augusto
Query: A
Partial matches: Abunai, Alberto, André, Ariel, Arthur, Augusto
Query: A
Partial matches: Abunai, Alberto, André, Ariel, Arthur, Augusto
Query: A
Partial matches: Abunai, Alberto, André, Ariel, Arthur, Augusto
Query: A
Partial matches: Abunai, Alberto, André, Ariel, Arthur, Augusto
Query: A
Partial matches: Abunai, Alberto, André, Ariel, Arthur, Augusto
Query: A
Partial matches: Abunai, Alberto, André, Ariel, Arthur, Augusto
Query: H
Partial matches: Henrique
Query: B
Partial matches: Banks, Beleza, BRZ
Query: A
Partial matches: Abunai, Alberto, André, Ariel, Arthur, Augusto
Query: B
Partial matches: Banks, Beleza, BRZ
Query: A
Partial matches: Abunai, Alberto, André, Ariel, Arthur, Augusto
Query: A
Partial matches: Abunai, Alberto, André, Ariel, Arthur, Augusto
Query: A
Partial matches: Abunai, Alberto, André, Ariel, Arthur, Augusto
Query: A
Partial matches: Abunai, Alberto, André, Ariel, Arthur, Augusto
Query: A
Partial matches: Abunai, Alberto, André, Ariel, Arthur, Augusto
Query: A
Partial matches: Abunai, Alberto, André, Ariel, Arthur, Augusto
Query: A
Partial matches: Abunai, Alberto, André, Ariel, Arthur, Augusto
Query: A
Partial matches: Abunai, Alberto, André, Ariel, Arthur, Augusto
Query: B
Partial matches: Banks, Beleza, BRZ
Query: A
Partial matches: Abunai, Alberto, André, Ariel, Arthur, Augusto
Query: A
Partial matches: Abunai, Alberto, André, Ariel, Arthur, Augusto
Query: A
Partial matches: Abunai, Alberto, André, Ariel, Arthur, Augusto
Query: A
Partial matches: Abunai, Alberto, André, Ariel, Arthur, Augusto
Query: A
Partial matches: Abunai, Alberto, André, Ariel, Arthur, Augusto
Query: P
Partial matches: Pablo, Padilha, Pedro, Pedro Vinicius, Primo
Query: P
Partial matches: Pablo, Padilha, Pedro, Pedro Vinicius, Primo
Query: P
Partial matches: Pablo, Padilha, Pedro, Pedro Vinicius, Primo
Query: P
Partial matches: Pablo, Padilha, Pedro, Pedro Vinicius, Primo
Query: P
Partial matches: Pablo, Padilha, Pedro, Pedro Vinicius, Primo
Query: A
Partial matches: Abunai, Alberto, André, Ariel, Arthur, Augusto
Query: P
Partial matches: Pablo, Padilha, Pedro, Pedro Vinicius, Primo
Query: A
Partial matches: Abunai, Alberto, André, Ariel, Arthur, Augusto
Query: A
Partial matches: Abunai, Alberto, André, Ariel, Arthur, Augusto
Query: B
Partial matches: Banks, Beleza, BRZ
Query: A
Partial matches: Abunai, Alberto, André, Ariel, Arthur, Augusto
Query: A
Partial matches: Abunai, Alberto, André, Ariel, Arthur, Augusto
Query: A
Partial matches: Abunai, Alberto, André, Ariel, Arthur, Augusto
Query: A
Partial matches: Abunai, Alberto, André, Ariel, Arthur, Augusto
Query: B
Partial matches: Banks, Beleza, BRZ
Query: H
Partial matches: Henrique
Query: A
Partial matches: Abunai, Alberto, André, Ariel, Arthur, Augusto
Query: A
Partial matches: Abunai, Alberto, André, Ariel, Arthur, Augusto
Query: A
Partial matches: Abunai, Alberto, André, Ariel, Arthur, Augusto
Query: A
Partial matches: Abunai, Alberto, André, Ariel, Arthur, Augusto
Query: A
Partial matches: Abunai, Alberto, André, Ariel, Arthur, Augusto
Query: B
Partial matches: Banks, Beleza, BRZ
Query: H
Partial matches: Henrique
Query: C
Partial matches: Cláudio, Clóvis
Query: C
Partial matches: Cláudio, Clóvis
Query: L
Partial matches: Luciano, luiz
Query: P
Partial matches: Pablo, Padilha, Pedro, Pedro Vinicius, Primo
Query: P
Partial matches: Pablo, Padilha, Pedro, Pedro Vinicius, Primo
Query: A
Partial matches: Abunai, Alberto, André, Ariel, Arthur, Augusto
Query: A
Partial matches: Abunai, Alberto, André, Ariel, Arthur, Augusto
Query: A
Partial matches: Abunai, Alberto, André, Ariel, Arthur, Augusto
Query: A
Partial matches: Abunai, Alberto, André, Ariel, Arthur, Augusto
Query: A
Partial matches: Abunai, Alberto, André, Ariel, Arthur, Augusto
Query: A
Partial matches: Abunai, Alberto, André, Ariel, Arthur, Augusto
Query: A
Partial matches: Abunai, Alberto, André, Ariel, Arthur, Augusto
Query: B
Partial matches: Banks, Beleza, BRZ
Query: H
Partial matches: Henrique
Query: V
Partial matches: Vitor, Voltaire
Query: V
Partial matches: Vitor, Voltaire
Query: P
Partial matches: Pablo, Padilha, Pedro, Pedro Vinicius, Primo
Query: P
Partial matches: Pablo, Padilha, Pedro, Pedro Vinicius, Primo
Query: A
Partial matches: Abunai, Alberto, André, Ariel, Arthur, Augusto
Query: A
Partial matches: Abunai, Alberto, André, Ariel, Arthur, Augusto
Query: A
Partial matches: Abunai, Alberto, André, Ariel, Arthur, Augusto
Query: A
Partial matches: Abunai, Alberto, André, Ariel, Arthur, Augusto
Query: A
Partial matches: Abunai, Alberto, André, Ariel, Arthur, Augusto
Query: A
Partial matches: Abunai, Alberto, André, Ariel, Arthur, Augusto
Query: A
Partial matches: Abunai, Alberto, André, Ariel, Arthur, Augusto
Query: A
Partial matches: Abunai, Alberto, André, Ariel, Arthur, Augusto
Query: A
Partial matches: Abunai, Alberto, André, Ariel, Arthur, Augusto
Query: A
Partial matches: Abunai, Alberto, André, Ariel, Arthur, Augusto
Query: A
Partial matches: Abunai, Alberto, André, Ariel, Arthur, Augusto
Query: B
Partial matches: Banks, Beleza, BRZ
Query: C
Partial matches: Cláudio, Clóvis
Query: C
Partial matches: Cláudio, Clóvis
Query: L
Partial matches: Luciano, luiz
Query: F
Partial matches: Felipe, Fernando, Fred
Query: F
Partial matches: Felipe, Fernando, Fred
Query: F
Partial matches: Felipe, Fernando, Fred
Query: A
Partial matches: Abunai, Alberto, André, Ariel, Arthur, Augusto
Query: A
Partial matches: Abunai, Alberto, André, Ariel, Arthur, Augusto
Query: A
Partial matches: Abunai, Alberto, André, Ariel, Arthur, Augusto
Query: A
Partial matches: Abunai, Alberto, André, Ariel, Arthur, Augusto
Query: A
Partial matches: Abunai, Alberto, André, Ariel, Arthur, Augusto
Query: A
Partial matches: Abunai, Alberto, André, Ariel, Arthur, Augusto
Query: B
Partial matches: Banks, Beleza, BRZ
Query: C
Partial matches: Cláudio, Clóvis
Query: C
Partial matches: Cláudio, Clóvis
Query: F
Partial matches: Felipe, Fernando, Fred
Query: F
Partial matches: Felipe, Fernando, Fred
Query: A
Partial matches: Abunai, Alberto, André, Ariel, Arthur, Augusto
Query: A
Partial matches: Abunai, Alberto, André, Ariel, Arthur, Augusto
Query: A
Partial matches: Abunai, Alberto, André, Ariel, Arthur, Augusto
Query: A
Partial matches: Abunai, Alberto, André, Ariel, Arthur, Augusto
Query: A
Partial matches: Abunai, Alberto, André, Ariel, Arthur, Augusto
Query: A
Partial matches: Abunai, Alberto, André, Ariel, Arthur, Augusto
Query: A
Partial matches: Abunai, Alberto, André, Ariel, Arthur, Augusto
Query: B
Partial matches: Banks, Beleza, BRZ
Query: F
Partial matches: Felipe, Fernando, Fred
Query: F
Partial matches: Felipe, Fernando, Fred
Query: F
Partial matches: Felipe, Fernando, Fred
Query: V
Partial matches: Vitor, Voltaire
Query: V
Partial matches: Vitor, Voltaire
